<?xml version="1.0" encoding="UTF-8"?>
<!-- Generated by org.testng.reporters.JUnitXMLReporter -->
<testsuite ignored="1" hostname="Predator" failures="4" tests="64" name="Smoke Test" time="2030.045" errors="0" timestamp="2025-07-15T13:51:40 IST">
  <testcase classname="stthomas.stc_research_automation.tests.AboutRAC" name="verifyAboutPageTitle" time="0.059"/>
  <testcase classname="stthomas.stc_research_automation.tests.AboutRAC" name="verifyResearchCouncilNavigation" time="1.156"/>
  <testcase classname="stthomas.stc_research_automation.tests.AboutRAC" name="verifyPhdPageNavigation" time="5.528"/>
  <testcase classname="stthomas.stc_research_automation.tests.AboutRAC" name="verifyPhdAwardeesSections" time="40.249"/>
  <testcase classname="stthomas.stc_research_automation.tests.AboutRAC" name="verifyDirectorateOfResearchLink" time="3.422"/>
  <testcase classname="stthomas.stc_research_automation.tests.AboutRAC" name="verifyAnnualResearchReports" time="4.322"/>
  <testcase classname="stthomas.stc_research_automation.tests.RacMembers" name="navigateToResearchCouncilMembers" time="1.505"/>
  <testcase classname="stthomas.stc_research_automation.tests.RacMembers" name="scrollAndVerifyCouncilMembersContent" time="13.371"/>
  <testcase classname="stthomas.stc_research_automation.tests.ResearchCentres" name="navigateToResearchCentres" time="2.817"/>
  <testcase classname="stthomas.stc_research_automation.tests.ResearchCentres" name="ResearchCentres_DepartmentTabs" time="15.417"/>
  <testcase classname="stthomas.stc_research_automation.tests.ResearchCentres" name="ResearchCentres_ComputerScienceVisit" time="4.595"/>
  <testcase classname="stthomas.stc_research_automation.tests.ResearchCentres" name="ResearchCentres_ResearchGuideScholarSections" time="78.203"/>
  <testcase classname="stthomas.stc_research_automation.tests.ResearchCentres" name="ResearchCentres_DataCaptureLink" time="7.235">
    <failure type="java.lang.AssertionError" message="The following asserts failed:
	Did not navigate to DATA CAPTURING LINK FOR RESEARCH SCHOLARS expected [true] but found [false]">
      <![CDATA[java.lang.AssertionError: The following asserts failed:
Did not navigate to DATA CAPTURING LINK FOR RESEARCH SCHOLARS expected [true] but found [false]
at stthomas.stc_research_automation.tests.ResearchCentres.ResearchCentres_DataCaptureLink(ResearchCentres.java:213)
at java.base/java.util.ArrayList.forEach(ArrayList.java:1596)
... Removed 27 stack frames]]>
    </failure>
  </testcase> <!-- ResearchCentres_DataCaptureLink -->
  <testcase classname="stthomas.stc_research_automation.tests.PhdRegulationsAndUo" name="navigateToPhdRegPage" time="2.801"/>
  <testcase classname="stthomas.stc_research_automation.tests.PhdRegulationsAndUo" name="verifyDirectorateOfAdmissionLink" time="7.083"/>
  <testcase classname="stthomas.stc_research_automation.tests.PhdRegulationsAndUo" name="verifyImportantLinksSetOne" time="8.416"/>
  <testcase classname="stthomas.stc_research_automation.tests.PhdRegulationsAndUo" name="verifyPdfOpeningTable1" time="13.423"/>
  <testcase classname="stthomas.stc_research_automation.tests.PhdRegulationsAndUo" name="verifySecondLinkSet" time="23.442"/>
  <testcase classname="stthomas.stc_research_automation.tests.PhdRegulationsAndUo" name="verifyPdfOpeningTable2" time="5.212"/>
  <testcase classname="stthomas.stc_research_automation.tests.PhdRegulationsAndUo" name="verifyRemainingLinks" time="96.241"/>
  <testcase classname="stthomas.stc_research_automation.tests.ResearchRegulations" name="verifyResearchRegulationsPage" time="3.135"/>
  <testcase classname="stthomas.stc_research_automation.tests.ResearchRegulations" name="verifyDirectorateOfResearchLink" time="5.516">
    <failure type="java.lang.AssertionError" message="The following asserts failed:
	DOR Page - Title mismatch expected [Home] but found [Research Regulations - St Thomas College (Autonomous)],
	DOR Page - URL mismatch expected [true] but found [false]">
      <![CDATA[java.lang.AssertionError: The following asserts failed:
DOR Page - Title mismatch expected [Home] but found [Research Regulations - St Thomas College (Autonomous)],
DOR Page - URL mismatch expected [true] but found [false]
at stthomas.stc_research_automation.tests.ResearchRegulations.verifyDirectorateOfResearchLink(ResearchRegulations.java:75)
at java.base/java.util.ArrayList.forEach(ArrayList.java:1596)
... Removed 27 stack frames]]>
    </failure>
  </testcase> <!-- verifyDirectorateOfResearchLink -->
  <testcase classname="stthomas.stc_research_automation.tests.ResearchRegulations" name="verifyCircularsAndOrdersLink" time="3.824"/>
  <testcase classname="stthomas.stc_research_automation.tests.ResearchRegulations" name="verifyPlagiarismAndRegulationFiles" time="3.507"/>
  <testcase classname="stthomas.stc_research_automation.tests.ResearchRegulations" name="verifyAnnualResearchReportNavigation" time="9.36"/>
  <testcase classname="stthomas.stc_research_automation.tests.ResearchPolicies" name="verifyResearchPoliciesPage" time="2.858"/>
  <testcase classname="stthomas.stc_research_automation.tests.ResearchPolicies" name="clickResearchPolicyLinks" time="26.182"/>
  <testcase classname="stthomas.stc_research_automation.tests.ResearchAdvisoryCommitte" name="navigateToResearchAdvisoryCommittee" time="5.418">
    <failure type="java.lang.AssertionError" message="The following asserts failed:
	Research Advisory Committee - Page title mismatch expected [Research Advisory Committees - St Thomas College (Autonomous)] but found [St. Thomas College (Autonomous) | Thrissur],
	Did not navigate to Research Advisory Committee expected [true] but found [false]">
      <![CDATA[java.lang.AssertionError: The following asserts failed:
Research Advisory Committee - Page title mismatch expected [Research Advisory Committees - St Thomas College (Autonomous)] but found [St. Thomas College (Autonomous) | Thrissur],
Did not navigate to Research Advisory Committee expected [true] but found [false]
at stthomas.stc_research_automation.tests.ResearchAdvisoryCommitte.navigateToResearchAdvisoryCommittee(ResearchAdvisoryCommitte.java:36)
at java.base/java.util.ArrayList.forEach(ArrayList.java:1596)
... Removed 27 stack frames]]>
    </failure>
  </testcase> <!-- navigateToResearchAdvisoryCommittee -->
  <testcase classname="stthomas.stc_research_automation.tests.ResearchProgrammes" name="verifyResearchProgrammes" time="3.799"/>
  <testcase classname="stthomas.stc_research_automation.tests.ResearchProgrammes" name="checkPaginationControls" time="26.473"/>
  <testcase classname="stthomas.stc_research_automation.tests.ResearchProgrammes" name="verifyInvitedSpeakersSection" time="8.668">
    <failure type="java.lang.AssertionError" message="The following asserts failed:
	Invited speakers - Page title mismatch expected [Invited speakers - St Thomas College (Autonomous)] but found [St. Thomas College (Autonomous) | Thrissur],
	Did not navigate to Invited speakers page expected [true] but found [false]">
      <![CDATA[java.lang.AssertionError: The following asserts failed:
Invited speakers - Page title mismatch expected [Invited speakers - St Thomas College (Autonomous)] but found [St. Thomas College (Autonomous) | Thrissur],
Did not navigate to Invited speakers page expected [true] but found [false]
at stthomas.stc_research_automation.tests.ResearchProgrammes.verifyInvitedSpeakersSection(ResearchProgrammes.java:116)
at java.base/java.util.ArrayList.forEach(ArrayList.java:1596)
... Removed 27 stack frames]]>
    </failure>
  </testcase> <!-- verifyInvitedSpeakersSection -->
  <testcase classname="stthomas.stc_research_automation.tests.ResearchProgrammes" name="verifyTableSection" time="57.874"/>
  <testcase classname="stthomas.stc_research_automation.tests.ResearchEthics" name="navigateToResearchEthics" time="2.756"/>
  <testcase classname="stthomas.stc_research_automation.tests.ResearchEthics" name="scrollAndValidateResearchEthicsPDF" time="6.94"/>
  <testcase classname="stthomas.stc_research_automation.tests.RandPEthics2021" name="verifyResearchRegulationsPage" time="4.587"/>
  <testcase classname="stthomas.stc_research_automation.tests.RandPEthics2021" name="verifyBrochureLink" time="5.647"/>
  <testcase classname="stthomas.stc_research_automation.tests.RandPEthics2021" name="verifyDirectorateOfResearchLink" time="17.759"/>
  <testcase classname="stthomas.stc_research_automation.tests.RandPEthics2021" name="verifyCircularsAndOrdersLink" time="43.8"/>
  <testcase classname="stthomas.stc_research_automation.tests.RandPEthics2020" name="verifyEthics2020Navigation" time="5.222"/>
  <testcase classname="stthomas.stc_research_automation.tests.RandPEthics2020" name="verifyEthics2020VideoPlayback" time="16.58"/>
  <testcase classname="stthomas.stc_research_automation.tests.RandPEthics2020" name="verifyEthics2020Links" time="22.908"/>
  <testcase classname="stthomas.stc_research_automation.tests.RandPEthics2020" name="verifyEthics2020WindowSwitchLink" time="5.747"/>
  <testcase classname="stthomas.stc_research_automation.tests.RandPEthics2020" name="verifyEthics2020FinalDocuments" time="9.059"/>
  <testcase classname="stthomas.stc_research_automation.tests.Consultancy" name="navigateToConsultancy" time="3.97"/>
  <testcase classname="stthomas.stc_research_automation.tests.Consultancy" name="handleConsultancyDocuments" time="7.822"/>
  <testcase classname="stthomas.stc_research_automation.tests.CollaborativeResearch" name="navigateToCollaborativeResearch" time="3.772"/>
  <testcase classname="stthomas.stc_research_automation.tests.CollaborativeResearch" name="verifyCollaborativeResearchLinks" time="242.79"/>
  <testcase classname="stthomas.stc_research_automation.tests.CollaborativeResearch" name="verifyCollaborativeResearchImages" time="61.075"/>
  <testcase classname="stthomas.stc_research_automation.tests.ResearchProjects" name="verifyResearchProjectsSection" time="3.01"/>
  <testcase classname="stthomas.stc_research_automation.tests.ResearchProjects" name="VerifyAllDownloadLinks" time="45.126"/>
  <testcase classname="stthomas.stc_research_automation.tests.ResearchProjects" name="VerifyAllRedirectLinks" time="280.479"/>
  <testcase classname="stthomas.stc_research_automation.tests.ResearchProjects" name="VerifyResearchProjectTable" time="14.969"/>
  <testcase classname="stthomas.stc_research_automation.tests.AnnualResearchReports" name="navigateToAnnualResearchReportSection" time="2.197"/>
  <testcase classname="stthomas.stc_research_automation.tests.AnnualResearchReports" name="openAllAnnualResearchReports" time="32.878"/>
  <testcase classname="stthomas.stc_research_automation.tests.Journals" name="navigateToJournalsSection" time="2.492"/>
  <testcase classname="stthomas.stc_research_automation.tests.Journals" name="viewJournalHomePageAndReturn" time="25.287"/>
  <testcase classname="stthomas.stc_research_automation.tests.Journals" name="verifyJournalVolumes" time="52.168"/>
  <testcase classname="stthomas.stc_research_automation.tests.ResearchHighlight" name="navigateToResearchHighlights" time="4.067"/>
  <testcase classname="stthomas.stc_research_automation.tests.ResearchHighlight" name="verifyResearchHighlightLinks" time="314.873"/>
  <testcase classname="stthomas.stc_research_automation.tests.ResearchHighlight" name="verifyResearchHighlightImageSection" time="107.561"/>
  <testcase classname="stthomas.stc_research_automation.tests.ResearchHighlight" name="verifyResearchHighlightPagination" time="11.997"/>
  <testcase classname="stthomas.stc_research_automation.tests.AwardsAndFellowships" name="navigateToAwardsAndFellowshipsPage" time="3.083"/>
  <testcase classname="stthomas.stc_research_automation.tests.AwardsAndFellowships" name="verifyPaginationControls" time="25.912"/>
  <testcase classname="stthomas.stc_research_automation.tests.AwardsAndFellowships" name="verifyLinkNavigationAndBack" time="44.197"/>
  <testcase classname="stthomas.stc_research_automation.tests.ResearchProgrammes" name="checkResearchProgrammeLinks" time="0.0">
    <ignored/>
  </testcase> <!-- checkResearchProgrammeLinks -->
</testsuite> <!-- Smoke Test -->
