<?xml version="1.0" encoding="UTF-8"?>
<!-- Generated by org.testng.reporters.JUnitXMLReporter -->
<testsuite ignored="47" hostname="Predator" failures="18" tests="18" name="Smoke Test Suite" time="0.282" errors="0" timestamp="2025-07-14T11:13:41 IST">
  <testcase classname="stthomas.stc_research_automation.tests.CollaborativeResearch" name="navigateToCollaborativeResearch" time="0.046">
    <failure type="java.lang.NullPointerException" message="Cannot invoke &amp;quot;org.openqa.selenium.WebDriver.findElement(org.openqa.selenium.By)&amp;quot; because &amp;quot;this.driver&amp;quot; is null">
      <![CDATA[java.lang.NullPointerException: Cannot invoke "org.openqa.selenium.WebDriver.findElement(org.openqa.selenium.By)" because "this.driver" is null
at stthomas.stc_research_automation.tests.CollaborativeResearch.navigateToCollaborativeResearch(CollaborativeResearch.java:20)
at java.base/java.util.ArrayList.forEach(ArrayList.java:1596)
... Removed 25 stack frames]]>
    </failure>
  </testcase> <!-- navigateToCollaborativeResearch -->
  <testcase classname="stthomas.stc_research_automation.tests.PhdRegulationsAndUo" name="navigateToPhdRegPage" time="0.002">
    <failure type="java.lang.NullPointerException" message="Cannot invoke &amp;quot;org.openqa.selenium.WebDriver.findElement(org.openqa.selenium.By)&amp;quot; because &amp;quot;this.driver&amp;quot; is null">
      <![CDATA[java.lang.NullPointerException: Cannot invoke "org.openqa.selenium.WebDriver.findElement(org.openqa.selenium.By)" because "this.driver" is null
at stthomas.stc_research_automation.tests.PhdRegulationsAndUo.navigateToPhdRegPage(PhdRegulationsAndUo.java:24)
at java.base/java.util.ArrayList.forEach(ArrayList.java:1596)
... Removed 25 stack frames]]>
    </failure>
  </testcase> <!-- navigateToPhdRegPage -->
  <testcase classname="stthomas.stc_research_automation.tests.ResearchRegulations" name="verifyResearchRegulationsPage" time="0.003">
    <failure type="java.lang.NullPointerException" message="Cannot invoke &amp;quot;stthomas.stc_research_automation.utils.WaitHelper.waitForElementToBeClickable(org.openqa.selenium.By, int)&amp;quot; because &amp;quot;this.wait&amp;quot; is null">
      <![CDATA[java.lang.NullPointerException: Cannot invoke "stthomas.stc_research_automation.utils.WaitHelper.waitForElementToBeClickable(org.openqa.selenium.By, int)" because "this.wait" is null
at stthomas.stc_research_automation.tests.ResearchRegulations.verifyResearchRegulationsPage(ResearchRegulations.java:22)
at java.base/java.util.ArrayList.forEach(ArrayList.java:1596)
... Removed 25 stack frames]]>
    </failure>
  </testcase> <!-- verifyResearchRegulationsPage -->
  <testcase classname="stthomas.stc_research_automation.tests.RandPEthics2021" name="verifyResearchRegulationsPage" time="0.001">
    <failure type="java.lang.NullPointerException" message="Cannot invoke &amp;quot;org.openqa.selenium.WebDriver.findElement(org.openqa.selenium.By)&amp;quot; because &amp;quot;this.driver&amp;quot; is null">
      <![CDATA[java.lang.NullPointerException: Cannot invoke "org.openqa.selenium.WebDriver.findElement(org.openqa.selenium.By)" because "this.driver" is null
at stthomas.stc_research_automation.tests.RandPEthics2021.verifyResearchRegulationsPage(RandPEthics2021.java:19)
at java.base/java.util.ArrayList.forEach(ArrayList.java:1596)
... Removed 25 stack frames]]>
    </failure>
  </testcase> <!-- verifyResearchRegulationsPage -->
  <testcase classname="stthomas.stc_research_automation.tests.ResearchHighlight" name="navigateToResearchHighlights" time="0.002">
    <failure type="java.lang.NullPointerException" message="Cannot invoke &amp;quot;org.openqa.selenium.WebDriver.findElement(org.openqa.selenium.By)&amp;quot; because &amp;quot;this.driver&amp;quot; is null">
      <![CDATA[java.lang.NullPointerException: Cannot invoke "org.openqa.selenium.WebDriver.findElement(org.openqa.selenium.By)" because "this.driver" is null
at stthomas.stc_research_automation.tests.ResearchHighlight.navigateToResearchHighlights(ResearchHighlight.java:22)
at java.base/java.util.ArrayList.forEach(ArrayList.java:1596)
... Removed 25 stack frames]]>
    </failure>
  </testcase> <!-- navigateToResearchHighlights -->
  <testcase classname="stthomas.stc_research_automation.tests.RandPEthics2020" name="verifyEthics2020Navigation" time="0.002">
    <failure type="java.lang.NullPointerException" message="Cannot invoke &amp;quot;org.openqa.selenium.WebDriver.findElement(org.openqa.selenium.By)&amp;quot; because &amp;quot;this.driver&amp;quot; is null">
      <![CDATA[java.lang.NullPointerException: Cannot invoke "org.openqa.selenium.WebDriver.findElement(org.openqa.selenium.By)" because "this.driver" is null
at stthomas.stc_research_automation.tests.RandPEthics2020.verifyEthics2020Navigation(RandPEthics2020.java:24)
at java.base/java.util.ArrayList.forEach(ArrayList.java:1596)
... Removed 25 stack frames]]>
    </failure>
  </testcase> <!-- verifyEthics2020Navigation -->
  <testcase classname="stthomas.stc_research_automation.tests.Consultancy" name="navigateToConsultancy" time="0.003">
    <failure type="java.lang.NullPointerException" message="Cannot invoke &amp;quot;org.openqa.selenium.WebDriver.findElement(org.openqa.selenium.By)&amp;quot; because &amp;quot;this.driver&amp;quot; is null">
      <![CDATA[java.lang.NullPointerException: Cannot invoke "org.openqa.selenium.WebDriver.findElement(org.openqa.selenium.By)" because "this.driver" is null
at stthomas.stc_research_automation.tests.Consultancy.navigateToConsultancy(Consultancy.java:22)
at java.base/java.util.ArrayList.forEach(ArrayList.java:1596)
... Removed 25 stack frames]]>
    </failure>
  </testcase> <!-- navigateToConsultancy -->
  <testcase classname="stthomas.stc_research_automation.tests.ResearchAdvisoryCommitte" name="navigateToResearchAdvisoryCommittee" time="0.003">
    <failure type="java.lang.NullPointerException" message="Cannot invoke &amp;quot;stthomas.stc_research_automation.utils.WaitHelper.waitForElementToBeClickable(org.openqa.selenium.By, int)&amp;quot; because &amp;quot;this.wait&amp;quot; is null">
      <![CDATA[java.lang.NullPointerException: Cannot invoke "stthomas.stc_research_automation.utils.WaitHelper.waitForElementToBeClickable(org.openqa.selenium.By, int)" because "this.wait" is null
at stthomas.stc_research_automation.tests.ResearchAdvisoryCommitte.navigateToResearchAdvisoryCommittee(ResearchAdvisoryCommitte.java:21)
at java.base/java.util.ArrayList.forEach(ArrayList.java:1596)
... Removed 25 stack frames]]>
    </failure>
  </testcase> <!-- navigateToResearchAdvisoryCommittee -->
  <testcase classname="stthomas.stc_research_automation.tests.ResearchProgrammes" name="verifyResearchProgrammes" time="0.003">
    <failure type="java.lang.NullPointerException" message="Cannot invoke &amp;quot;stthomas.stc_research_automation.utils.WaitHelper.waitForElementToBeClickable(org.openqa.selenium.By, int)&amp;quot; because &amp;quot;this.wait&amp;quot; is null">
      <![CDATA[java.lang.NullPointerException: Cannot invoke "stthomas.stc_research_automation.utils.WaitHelper.waitForElementToBeClickable(org.openqa.selenium.By, int)" because "this.wait" is null
at stthomas.stc_research_automation.tests.ResearchProgrammes.verifyResearchProgrammes(ResearchProgrammes.java:22)
at java.base/java.util.ArrayList.forEach(ArrayList.java:1596)
... Removed 25 stack frames]]>
    </failure>
  </testcase> <!-- verifyResearchProgrammes -->
  <testcase classname="stthomas.stc_research_automation.tests.ResearchEthics" name="navigateToResearchEthics" time="0.003">
    <failure type="java.lang.NullPointerException" message="Cannot invoke &amp;quot;org.openqa.selenium.WebDriver.findElement(org.openqa.selenium.By)&amp;quot; because &amp;quot;this.driver&amp;quot; is null">
      <![CDATA[java.lang.NullPointerException: Cannot invoke "org.openqa.selenium.WebDriver.findElement(org.openqa.selenium.By)" because "this.driver" is null
at stthomas.stc_research_automation.tests.ResearchEthics.navigateToResearchEthics(ResearchEthics.java:24)
at java.base/java.util.ArrayList.forEach(ArrayList.java:1596)
... Removed 25 stack frames]]>
    </failure>
  </testcase> <!-- navigateToResearchEthics -->
  <testcase classname="stthomas.stc_research_automation.tests.Journals" name="navigateToJournalsSection" time="0.002">
    <failure type="java.lang.NullPointerException" message="Cannot invoke &amp;quot;org.openqa.selenium.WebDriver.findElement(org.openqa.selenium.By)&amp;quot; because &amp;quot;this.driver&amp;quot; is null">
      <![CDATA[java.lang.NullPointerException: Cannot invoke "org.openqa.selenium.WebDriver.findElement(org.openqa.selenium.By)" because "this.driver" is null
at stthomas.stc_research_automation.tests.Journals.navigateToJournalsSection(Journals.java:19)
at java.base/java.util.ArrayList.forEach(ArrayList.java:1596)
... Removed 25 stack frames]]>
    </failure>
  </testcase> <!-- navigateToJournalsSection -->
  <testcase classname="stthomas.stc_research_automation.tests.AwardsAndFellowships" name="navigateToAwardsAndFellowshipsPage" time="0.002">
    <failure type="java.lang.NullPointerException" message="Cannot invoke &amp;quot;org.openqa.selenium.WebDriver.findElement(org.openqa.selenium.By)&amp;quot; because &amp;quot;this.driver&amp;quot; is null">
      <![CDATA[java.lang.NullPointerException: Cannot invoke "org.openqa.selenium.WebDriver.findElement(org.openqa.selenium.By)" because "this.driver" is null
at stthomas.stc_research_automation.tests.AwardsAndFellowships.navigateToAwardsAndFellowshipsPage(AwardsAndFellowships.java:19)
at java.base/java.util.ArrayList.forEach(ArrayList.java:1596)
... Removed 25 stack frames]]>
    </failure>
  </testcase> <!-- navigateToAwardsAndFellowshipsPage -->
  <testcase classname="stthomas.stc_research_automation.tests.AboutRAC" name="verifyAboutPageTitle" time="0.003">
    <failure type="java.lang.NullPointerException" message="Cannot invoke &amp;quot;org.openqa.selenium.WebDriver.getTitle()&amp;quot; because &amp;quot;this.driver&amp;quot; is null">
      <![CDATA[java.lang.NullPointerException: Cannot invoke "org.openqa.selenium.WebDriver.getTitle()" because "this.driver" is null
at stthomas.stc_research_automation.tests.AboutRAC.verifyAboutPageTitle(AboutRAC.java:20)
at java.base/java.util.ArrayList.forEach(ArrayList.java:1596)
... Removed 25 stack frames]]>
    </failure>
  </testcase> <!-- verifyAboutPageTitle -->
  <testcase classname="stthomas.stc_research_automation.tests.ResearchProjects" name="verifyResearchProjectsSection" time="0.002">
    <failure type="java.lang.NullPointerException" message="Cannot invoke &amp;quot;org.openqa.selenium.WebDriver.findElement(org.openqa.selenium.By)&amp;quot; because &amp;quot;this.driver&amp;quot; is null">
      <![CDATA[java.lang.NullPointerException: Cannot invoke "org.openqa.selenium.WebDriver.findElement(org.openqa.selenium.By)" because "this.driver" is null
at stthomas.stc_research_automation.tests.ResearchProjects.verifyResearchProjectsSection(ResearchProjects.java:19)
at java.base/java.util.ArrayList.forEach(ArrayList.java:1596)
... Removed 25 stack frames]]>
    </failure>
  </testcase> <!-- verifyResearchProjectsSection -->
  <testcase classname="stthomas.stc_research_automation.tests.ResearchPolicies" name="verifyResearchPoliciesPage" time="0.002">
    <failure type="java.lang.NullPointerException" message="Cannot invoke &amp;quot;stthomas.stc_research_automation.utils.WaitHelper.waitForElementToBeClickable(org.openqa.selenium.By, int)&amp;quot; because &amp;quot;this.wait&amp;quot; is null">
      <![CDATA[java.lang.NullPointerException: Cannot invoke "stthomas.stc_research_automation.utils.WaitHelper.waitForElementToBeClickable(org.openqa.selenium.By, int)" because "this.wait" is null
at stthomas.stc_research_automation.tests.ResearchPolicies.verifyResearchPoliciesPage(ResearchPolicies.java:22)
at java.base/java.util.ArrayList.forEach(ArrayList.java:1596)
... Removed 25 stack frames]]>
    </failure>
  </testcase> <!-- verifyResearchPoliciesPage -->
  <testcase classname="stthomas.stc_research_automation.tests.ResearchCentres" name="navigateToResearchCentres" time="0.001">
    <failure type="java.lang.NullPointerException" message="Cannot invoke &amp;quot;stthomas.stc_research_automation.utils.WaitHelper.waitForElementToBeVisible(org.openqa.selenium.By, int)&amp;quot; because &amp;quot;this.wait&amp;quot; is null">
      <![CDATA[java.lang.NullPointerException: Cannot invoke "stthomas.stc_research_automation.utils.WaitHelper.waitForElementToBeVisible(org.openqa.selenium.By, int)" because "this.wait" is null
at stthomas.stc_research_automation.tests.ResearchCentres.navigateToResearchCentres(ResearchCentres.java:22)
at java.base/java.util.ArrayList.forEach(ArrayList.java:1596)
... Removed 25 stack frames]]>
    </failure>
  </testcase> <!-- navigateToResearchCentres -->
  <testcase classname="stthomas.stc_research_automation.tests.RacMembers" name="navigateToResearchCouncilMembers" time="0.002">
    <failure type="java.lang.NullPointerException" message="Cannot invoke &amp;quot;org.openqa.selenium.WebDriver.findElement(org.openqa.selenium.By)&amp;quot; because &amp;quot;this.driver&amp;quot; is null">
      <![CDATA[java.lang.NullPointerException: Cannot invoke "org.openqa.selenium.WebDriver.findElement(org.openqa.selenium.By)" because "this.driver" is null
at stthomas.stc_research_automation.tests.RacMembers.navigateToResearchCouncilMembers(RacMembers.java:21)
at java.base/java.util.ArrayList.forEach(ArrayList.java:1596)
... Removed 25 stack frames]]>
    </failure>
  </testcase> <!-- navigateToResearchCouncilMembers -->
  <testcase classname="stthomas.stc_research_automation.tests.AnnualResearchReports" name="navigateToAnnualResearchReportSection" time="0.002">
    <failure type="java.lang.NullPointerException" message="Cannot invoke &amp;quot;org.openqa.selenium.WebDriver.findElement(org.openqa.selenium.By)&amp;quot; because &amp;quot;this.driver&amp;quot; is null">
      <![CDATA[java.lang.NullPointerException: Cannot invoke "org.openqa.selenium.WebDriver.findElement(org.openqa.selenium.By)" because "this.driver" is null
at stthomas.stc_research_automation.tests.AnnualResearchReports.navigateToAnnualResearchReportSection(AnnualResearchReports.java:18)
at java.base/java.util.ArrayList.forEach(ArrayList.java:1596)
... Removed 25 stack frames]]>
    </failure>
  </testcase> <!-- navigateToAnnualResearchReportSection -->
  <testcase classname="stthomas.stc_research_automation.tests.PhdRegulationsAndUo" name="verifyRemainingLinks" time="0.0">
    <ignored/>
  </testcase> <!-- verifyRemainingLinks -->
  <testcase classname="stthomas.stc_research_automation.tests.RacMembers" name="scrollAndVerifyCouncilMembersContent" time="0.0">
    <ignored/>
  </testcase> <!-- scrollAndVerifyCouncilMembersContent -->
  <testcase classname="stthomas.stc_research_automation.tests.PhdRegulationsAndUo" name="verifyDirectorateOfAdmissionLink" time="0.0">
    <ignored/>
  </testcase> <!-- verifyDirectorateOfAdmissionLink -->
  <testcase classname="stthomas.stc_research_automation.tests.RandPEthics2020" name="verifyEthics2020VideoPlayback" time="0.0">
    <ignored/>
  </testcase> <!-- verifyEthics2020VideoPlayback -->
  <testcase classname="stthomas.stc_research_automation.tests.ResearchCentres" name="ResearchCentres_DepartmentTabs" time="0.0">
    <ignored/>
  </testcase> <!-- ResearchCentres_DepartmentTabs -->
  <testcase classname="stthomas.stc_research_automation.tests.ResearchProgrammes" name="verifyInvitedSpeakersSection" time="0.0">
    <ignored/>
  </testcase> <!-- verifyInvitedSpeakersSection -->
  <testcase classname="stthomas.stc_research_automation.tests.ResearchRegulations" name="verifyDirectorateOfResearchLink" time="0.0">
    <ignored/>
  </testcase> <!-- verifyDirectorateOfResearchLink -->
  <testcase classname="stthomas.stc_research_automation.tests.AnnualResearchReports" name="openAllAnnualResearchReports" time="0.0">
    <ignored/>
  </testcase> <!-- openAllAnnualResearchReports -->
  <testcase classname="stthomas.stc_research_automation.tests.PhdRegulationsAndUo" name="verifyPdfOpeningTable1" time="0.0">
    <ignored/>
  </testcase> <!-- verifyPdfOpeningTable1 -->
  <testcase classname="stthomas.stc_research_automation.tests.ResearchCentres" name="ResearchCentres_ResearchGuideScholarSections" time="0.0">
    <ignored/>
  </testcase> <!-- ResearchCentres_ResearchGuideScholarSections -->
  <testcase classname="stthomas.stc_research_automation.tests.PhdRegulationsAndUo" name="verifyImportantLinksSetOne" time="0.0">
    <ignored/>
  </testcase> <!-- verifyImportantLinksSetOne -->
  <testcase classname="stthomas.stc_research_automation.tests.ResearchHighlight" name="verifyResearchHighlightLinks" time="0.0">
    <ignored/>
  </testcase> <!-- verifyResearchHighlightLinks -->
  <testcase classname="stthomas.stc_research_automation.tests.ResearchProgrammes" name="checkResearchProgrammeLinks" time="0.0">
    <ignored/>
  </testcase> <!-- checkResearchProgrammeLinks -->
  <testcase classname="stthomas.stc_research_automation.tests.ResearchRegulations" name="verifyCircularsAndOrdersLink" time="0.0">
    <ignored/>
  </testcase> <!-- verifyCircularsAndOrdersLink -->
  <testcase classname="stthomas.stc_research_automation.tests.AwardsAndFellowships" name="verifyPaginationControls" time="0.0">
    <ignored/>
  </testcase> <!-- verifyPaginationControls -->
  <testcase classname="stthomas.stc_research_automation.tests.ResearchRegulations" name="verifyPlagiarismAndRegulationFiles" time="0.0">
    <ignored/>
  </testcase> <!-- verifyPlagiarismAndRegulationFiles -->
  <testcase classname="stthomas.stc_research_automation.tests.ResearchPolicies" name="clickResearchPolicyLinks" time="0.0">
    <ignored/>
  </testcase> <!-- clickResearchPolicyLinks -->
  <testcase classname="stthomas.stc_research_automation.tests.RandPEthics2020" name="verifyEthics2020Links" time="0.0">
    <ignored/>
  </testcase> <!-- verifyEthics2020Links -->
  <testcase classname="stthomas.stc_research_automation.tests.ResearchProjects" name="VerifyResearchProjectTable" time="0.0">
    <ignored/>
  </testcase> <!-- VerifyResearchProjectTable -->
  <testcase classname="stthomas.stc_research_automation.tests.ResearchRegulations" name="verifyAnnualResearchReportNavigation" time="0.0">
    <ignored/>
  </testcase> <!-- verifyAnnualResearchReportNavigation -->
  <testcase classname="stthomas.stc_research_automation.tests.AboutRAC" name="verifyResearchCouncilNavigation" time="0.0">
    <ignored/>
  </testcase> <!-- verifyResearchCouncilNavigation -->
  <testcase classname="stthomas.stc_research_automation.tests.PhdRegulationsAndUo" name="verifySecondLinkSet" time="0.0">
    <ignored/>
  </testcase> <!-- verifySecondLinkSet -->
  <testcase classname="stthomas.stc_research_automation.tests.AboutRAC" name="verifyDirectorateOfResearchLink" time="0.0">
    <ignored/>
  </testcase> <!-- verifyDirectorateOfResearchLink -->
  <testcase classname="stthomas.stc_research_automation.tests.ResearchProjects" name="VerifyAllRedirectLinks" time="0.0">
    <ignored/>
  </testcase> <!-- VerifyAllRedirectLinks -->
  <testcase classname="stthomas.stc_research_automation.tests.ResearchProgrammes" name="checkPaginationControls" time="0.0">
    <ignored/>
  </testcase> <!-- checkPaginationControls -->
  <testcase classname="stthomas.stc_research_automation.tests.RandPEthics2020" name="verifyEthics2020FinalDocuments" time="0.0">
    <ignored/>
  </testcase> <!-- verifyEthics2020FinalDocuments -->
  <testcase classname="stthomas.stc_research_automation.tests.ResearchHighlight" name="verifyResearchHighlightImageSection" time="0.0">
    <ignored/>
  </testcase> <!-- verifyResearchHighlightImageSection -->
  <testcase classname="stthomas.stc_research_automation.tests.CollaborativeResearch" name="verifyCollaborativeResearchLinks" time="0.0">
    <ignored/>
  </testcase> <!-- verifyCollaborativeResearchLinks -->
  <testcase classname="stthomas.stc_research_automation.tests.ResearchEthics" name="scrollAndValidateResearchEthicsPDF" time="0.0">
    <ignored/>
  </testcase> <!-- scrollAndValidateResearchEthicsPDF -->
  <testcase classname="stthomas.stc_research_automation.tests.ResearchCentres" name="ResearchCentres_ComputerScienceVisit" time="0.0">
    <ignored/>
  </testcase> <!-- ResearchCentres_ComputerScienceVisit -->
  <testcase classname="stthomas.stc_research_automation.tests.ResearchCentres" name="ResearchCentres_DataCaptureLink" time="0.0">
    <ignored/>
  </testcase> <!-- ResearchCentres_DataCaptureLink -->
  <testcase classname="stthomas.stc_research_automation.tests.AboutRAC" name="verifyAnnualResearchReports" time="0.0">
    <ignored/>
  </testcase> <!-- verifyAnnualResearchReports -->
  <testcase classname="stthomas.stc_research_automation.tests.Consultancy" name="handleConsultancyDocuments" time="0.0">
    <ignored/>
  </testcase> <!-- handleConsultancyDocuments -->
  <testcase classname="stthomas.stc_research_automation.tests.Journals" name="viewJournalHomePageAndReturn" time="0.0">
    <ignored/>
  </testcase> <!-- viewJournalHomePageAndReturn -->
  <testcase classname="stthomas.stc_research_automation.tests.PhdRegulationsAndUo" name="verifyPdfOpeningTable2" time="0.0">
    <ignored/>
  </testcase> <!-- verifyPdfOpeningTable2 -->
  <testcase classname="stthomas.stc_research_automation.tests.RandPEthics2021" name="verifyBrochureLink" time="0.0">
    <ignored/>
  </testcase> <!-- verifyBrochureLink -->
  <testcase classname="stthomas.stc_research_automation.tests.ResearchProjects" name="VerifyAllDownloadLinks" time="0.0">
    <ignored/>
  </testcase> <!-- VerifyAllDownloadLinks -->
  <testcase classname="stthomas.stc_research_automation.tests.ResearchHighlight" name="verifyResearchHighlightPagination" time="0.0">
    <ignored/>
  </testcase> <!-- verifyResearchHighlightPagination -->
  <testcase classname="stthomas.stc_research_automation.tests.AboutRAC" name="verifyPhdPageNavigation" time="0.0">
    <ignored/>
  </testcase> <!-- verifyPhdPageNavigation -->
  <testcase classname="stthomas.stc_research_automation.tests.ResearchProgrammes" name="verifyTableSection" time="0.0">
    <ignored/>
  </testcase> <!-- verifyTableSection -->
  <testcase classname="stthomas.stc_research_automation.tests.RandPEthics2021" name="verifyCircularsAndOrdersLink" time="0.0">
    <ignored/>
  </testcase> <!-- verifyCircularsAndOrdersLink -->
  <testcase classname="stthomas.stc_research_automation.tests.RandPEthics2020" name="verifyEthics2020WindowSwitchLink" time="0.0">
    <ignored/>
  </testcase> <!-- verifyEthics2020WindowSwitchLink -->
  <testcase classname="stthomas.stc_research_automation.tests.CollaborativeResearch" name="verifyCollaborativeResearchImages" time="0.0">
    <ignored/>
  </testcase> <!-- verifyCollaborativeResearchImages -->
  <testcase classname="stthomas.stc_research_automation.tests.Journals" name="verifyJournalVolumes" time="0.0">
    <ignored/>
  </testcase> <!-- verifyJournalVolumes -->
  <testcase classname="stthomas.stc_research_automation.tests.AboutRAC" name="verifyPhdAwardeesSections" time="0.0">
    <ignored/>
  </testcase> <!-- verifyPhdAwardeesSections -->
  <testcase classname="stthomas.stc_research_automation.tests.RandPEthics2021" name="verifyDirectorateOfResearchLink" time="0.0">
    <ignored/>
  </testcase> <!-- verifyDirectorateOfResearchLink -->
  <testcase classname="stthomas.stc_research_automation.tests.AwardsAndFellowships" name="verifyLinkNavigationAndBack" time="0.0">
    <ignored/>
  </testcase> <!-- verifyLinkNavigationAndBack -->
</testsuite> <!-- Smoke Test Suite -->
